#
# A fatal error has been detected by the Java Runtime Environment:
#
#  Internal Error (0xc06d007e), pid=5584, tid=0x00000000000004b4
#
# JRE version: Java(TM) SE Runtime Environment (8.0_181-b13) (build 1.8.0_181-b13)
# Java VM: Java HotSpot(TM) 64-Bit Server VM (25.181-b13 mixed mode windows-amd64 compressed oops)
# Problematic frame:
# C  [KERNELBASE.dll+0x3a388]
#
# Failed to write core dump. Minidumps are not enabled by default on client versions of Windows
#
# If you would like to submit a bug report, please visit:
#   http://bugreport.java.com/bugreport/crash.jsp
# The crash happened outside the Java Virtual Machine in native code.
# See problematic frame for where to report the bug.
#

---------------  T H R E A D  ---------------

Current thread (0x0000000017427800):  JavaThread "AWT-Windows" daemon [_thread_in_native, id=1204, stack(0x00000000181c0000,0x00000000182c0000)]

siginfo: ExceptionCode=0xc06d007e, ExceptionInformation=0x00000000182bee80 

Registers:
RAX=0x00000000000003ff, RBX=0x0000000000000000, RCX=0x0000000000000000, RDX=0x00000000000000a8
RSP=0x00000000182bed80, RBP=0x00000000182beed8, RSI=0x0000000073e9faac, RDI=0x0000000000000000
R8 =0x0000000001066540, R9 =0x00000000013f0cc0, R10=0x00007ffd00000016, R11=0x000000000000009a
R12=0x000000000000000b, R13=0x0000000073ebf850, R14=0x0000000073ebc160, R15=0x0000000073ea29f0
RIP=0x00007ffdd663a388, EFLAGS=0x0000000000000206

Top of Stack: (sp=0x00000000182bed80)
0x00000000182bed80:   0000000073ea29f0 0000000000000000
0x00000000182bed90:   0000000073e9faac 0000000000000000
0x00000000182beda0:   00000000c06d007e 0000000000000000
0x00000000182bedb0:   00007ffdd663a388 00007ffd00000001
0x00000000182bedc0:   00000000182bee80 00000000010658c0
0x00000000182bedd0:   0000000000000000 0000000000000000
0x00000000182bede0:   0000000000000000 00007ffdd6661caf
0x00000000182bedf0:   0000000000000000 0000000073e9faac
0x00000000182bee00:   0000000073e4f1d5 0000000000000000
0x00000000182bee10:   0000000000000000 0000000000000000
0x00000000182bee20:   0000000073e81070 00007ffdd6661c59
0x00000000182bee30:   0000000000000000 0000000073e4f1d5
0x00000000182bee40:   0000bd1634aaae83 0000000073ea0f76
0x00000000182bee50:   0000000000000000 0000000073e4f123
0x00000000182bee60:   0000000000000000 0000000073e9faac
0x00000000182bee70:   00000000182beed8 0000000073e9fa2c 

Instructions: (pc=0x00007ffdd663a388)
0x00007ffdd663a368:   49 8b d1 44 0f 47 c0 44 89 44 24 38 49 c1 e0 03
0x00007ffdd663a378:   e8 4a 46 04 00 48 8d 4c 24 20 ff 15 a0 82 14 00
0x00007ffdd663a388:   48 8b 8c 24 c0 00 00 00 48 33 cc e8 b8 05 04 00
0x00007ffdd663a398:   48 81 c4 d8 00 00 00 c3 83 64 24 38 00 eb d6 cc 


Register to memory mapping:

RAX=0x00000000000003ff is an unknown value
RBX=0x0000000000000000 is an unknown value
RCX=0x0000000000000000 is an unknown value
RDX=0x00000000000000a8 is an unknown value
RSP=0x00000000182bed80 is pointing into the stack for thread: 0x0000000017427800
RBP=0x00000000182beed8 is pointing into the stack for thread: 0x0000000017427800
RSI=0x0000000073e9faac is an unknown value
RDI=0x0000000000000000 is an unknown value
R8 =0x0000000001066540 is an unknown value
R9 =0x00000000013f0cc0 is an unknown value
R10=0x00007ffd00000016 is an unknown value
R11=0x000000000000009a is an unknown value
R12=0x000000000000000b is an unknown value
R13=0x0000000073ebf850 is an unknown value
R14=0x0000000073ebc160 is an unknown value
R15=0x0000000073ea29f0 is an unknown value


Stack: [0x00000000181c0000,0x00000000182c0000],  sp=0x00000000182bed80,  free space=1019k
Native frames: (J=compiled Java code, j=interpreted, Vv=VM code, C=native code)
C  [KERNELBASE.dll+0x3a388]
C  [awt.dll+0xdf123]
C  [awt.dll+0xdeb66]
C  [awt.dll+0xce585]
C  [awt.dll+0xce7d9]
C  0x00000000030f8c67

Java frames: (J=compiled Java code, j=interpreted, Vv=VM code)
j  sun.awt.windows.WToolkit.init()Z+0
j  sun.awt.windows.WToolkit.run()V+18
j  java.lang.Thread.run()V+11
v  ~StubRoutines::call_stub

---------------  P R O C E S S  ---------------

Java Threads: ( => current thread )
=>0x0000000017427800 JavaThread "AWT-Windows" daemon [_thread_in_native, id=1204, stack(0x00000000181c0000,0x00000000182c0000)]
  0x0000000017424800 JavaThread "AWT-Shutdown" [_thread_blocked, id=3592, stack(0x00000000180c0000,0x00000000181c0000)]
  0x0000000017424000 JavaThread "Java2D Disposer" daemon [_thread_blocked, id=8180, stack(0x0000000017fc0000,0x00000000180c0000)]
  0x0000000017081000 JavaThread "Service Thread" daemon [_thread_blocked, id=3744, stack(0x0000000017460000,0x0000000017560000)]
  0x000000001571f000 JavaThread "C1 CompilerThread2" daemon [_thread_blocked, id=9936, stack(0x0000000016f60000,0x0000000017060000)]
  0x00000000156f5000 JavaThread "C2 CompilerThread1" daemon [_thread_blocked, id=5580, stack(0x0000000016e60000,0x0000000016f60000)]
  0x00000000156f0800 JavaThread "C2 CompilerThread0" daemon [_thread_blocked, id=10948, stack(0x0000000016d60000,0x0000000016e60000)]
  0x00000000156ed000 JavaThread "Attach Listener" daemon [_thread_blocked, id=8360, stack(0x0000000016c60000,0x0000000016d60000)]
  0x00000000156ea000 JavaThread "Signal Dispatcher" daemon [_thread_blocked, id=1348, stack(0x0000000016b60000,0x0000000016c60000)]
  0x00000000030db000 JavaThread "Finalizer" daemon [_thread_blocked, id=2304, stack(0x0000000016950000,0x0000000016a50000)]
  0x00000000030d2000 JavaThread "Reference Handler" daemon [_thread_blocked, id=6308, stack(0x0000000016850000,0x0000000016950000)]
  0x0000000002ede000 JavaThread "main" [_thread_blocked, id=9580, stack(0x0000000002ee0000,0x0000000002fe0000)]

Other Threads:
  0x00000000156b7000 VMThread [stack: 0x0000000016750000,0x0000000016850000] [id=5180]
  0x000000001708a000 WatcherThread [stack: 0x00000000176c0000,0x00000000177c0000] [id=5476]

VM state:not at safepoint (normal execution)

VM Mutex/Monitor currently owned by a thread: None

Heap:
 PSYoungGen      total 18944K, used 2952K [0x00000000eb180000, 0x00000000ec680000, 0x0000000100000000)
  eden space 16384K, 18% used [0x00000000eb180000,0x00000000eb4621a8,0x00000000ec180000)
  from space 2560K, 0% used [0x00000000ec400000,0x00000000ec400000,0x00000000ec680000)
  to   space 2560K, 0% used [0x00000000ec180000,0x00000000ec180000,0x00000000ec400000)
 ParOldGen       total 44032K, used 0K [0x00000000c1400000, 0x00000000c3f00000, 0x00000000eb180000)
  object space 44032K, 0% used [0x00000000c1400000,0x00000000c1400000,0x00000000c3f00000)
 Metaspace       used 5466K, capacity 5594K, committed 5888K, reserved 1056768K
  class space    used 627K, capacity 694K, committed 768K, reserved 1048576K

Card table byte_map: [0x00000000124a0000,0x00000000126a0000] byte_map_base: 0x0000000011e96000

Marking Bits: (ParMarkBitMap*) 0x00000000748f2d00
 Begin Bits: [0x0000000012bf0000, 0x0000000013ba0000)
 End Bits:   [0x0000000013ba0000, 0x0000000014b50000)

Polling page: 0x0000000002e40000

CodeCache: size=245760Kb used=1524Kb max_used=1524Kb free=244235Kb
 bounds [0x00000000030e0000, 0x0000000003350000, 0x00000000120e0000]
 total_blobs=537 nmethods=216 adapters=234
 compilation: enabled

Compilation events (10 events):
Event: 0.339 Thread 0x000000001571f000  212       3       java.util.HashMap::putVal (300 bytes)
Event: 0.340 Thread 0x000000001571f000 nmethod 212 0x0000000003255290 code [0x0000000003255500, 0x00000000032567b8]
Event: 0.340 Thread 0x000000001571f000  213       3       java.util.HashMap::put (13 bytes)
Event: 0.341 Thread 0x000000001571f000 nmethod 213 0x0000000003256e90 code [0x0000000003257020, 0x00000000032573d8]
Event: 0.348 Thread 0x000000001571f000  214  s    1       java.util.Vector::size (5 bytes)
Event: 0.348 Thread 0x000000001571f000 nmethod 214 0x000000000325af10 code [0x000000000325b060, 0x000000000325b2d0]
Event: 0.354 Thread 0x000000001571f000  215       3       java.lang.invoke.MemberName::getReferenceKind (12 bytes)
Event: 0.354 Thread 0x000000001571f000 nmethod 215 0x000000000325cd50 code [0x000000000325cea0, 0x000000000325d010]
Event: 0.354 Thread 0x000000001571f000  216       1       java.lang.invoke.MethodTypeForm::basicType (5 bytes)
Event: 0.354 Thread 0x000000001571f000 nmethod 216 0x000000000325d090 code [0x000000000325d1e0, 0x000000000325d2f0]

GC Heap History (0 events):
No events

Deoptimization events (0 events):
No events

Classes redefined (0 events):
No events

Internal exceptions (10 events):
Event: 0.057 Thread 0x0000000002ede000 Exception <a 'java/lang/NoSuchMethodError': Method sun.misc.Unsafe.defineClass(Ljava/lang/String;[BII)Ljava/lang/Class; name or signature does not match> (0x00000000eb187cb0) thrown at [C:\re\workspace\8-2-build-windows-amd64-cygwin\jdk8u181\11358\hotspot
Event: 0.058 Thread 0x0000000002ede000 Exception <a 'java/lang/NoSuchMethodError': Method sun.misc.Unsafe.prefetchRead(Ljava/lang/Object;J)V name or signature does not match> (0x00000000eb187f98) thrown at [C:\re\workspace\8-2-build-windows-amd64-cygwin\jdk8u181\11358\hotspot\src\share\vm\prim
Event: 0.159 Thread 0x0000000002ede000 Exception <a 'java/io/FileNotFoundException'> (0x00000000eb1d5ec8) thrown at [C:\re\workspace\8-2-build-windows-amd64-cygwin\jdk8u181\11358\hotspot\src\share\vm\prims\jni.cpp, line 709]
Event: 0.226 Thread 0x0000000002ede000 Exception <a 'java/security/PrivilegedActionException'> (0x00000000eb211eb0) thrown at [C:\re\workspace\8-2-build-windows-amd64-cygwin\jdk8u181\11358\hotspot\src\share\vm\prims\jvm.cpp, line 1435]
Event: 0.226 Thread 0x0000000002ede000 Exception <a 'java/security/PrivilegedActionException'> (0x00000000eb2120c0) thrown at [C:\re\workspace\8-2-build-windows-amd64-cygwin\jdk8u181\11358\hotspot\src\share\vm\prims\jvm.cpp, line 1435]
Event: 0.227 Thread 0x0000000002ede000 Exception <a 'java/security/PrivilegedActionException'> (0x00000000eb215fd0) thrown at [C:\re\workspace\8-2-build-windows-amd64-cygwin\jdk8u181\11358\hotspot\src\share\vm\prims\jvm.cpp, line 1435]
Event: 0.227 Thread 0x0000000002ede000 Exception <a 'java/security/PrivilegedActionException'> (0x00000000eb2161e0) thrown at [C:\re\workspace\8-2-build-windows-amd64-cygwin\jdk8u181\11358\hotspot\src\share\vm\prims\jvm.cpp, line 1435]
Event: 0.236 Thread 0x0000000002ede000 Exception <a 'java/io/FileNotFoundException'> (0x00000000eb21bb60) thrown at [C:\re\workspace\8-2-build-windows-amd64-cygwin\jdk8u181\11358\hotspot\src\share\vm\prims\jni.cpp, line 709]
Event: 0.286 Thread 0x0000000002ede000 Exception <a 'java/lang/NoSuchFieldError': method resolution failed> (0x00000000eb33f3b0) thrown at [C:\re\workspace\8-2-build-windows-amd64-cygwin\jdk8u181\11358\hotspot\src\share\vm\prims\methodHandles.cpp, line 1167]
Event: 0.289 Thread 0x0000000002ede000 Exception <a 'java/lang/NoSuchFieldError': method resolution failed> (0x00000000eb34c780) thrown at [C:\re\workspace\8-2-build-windows-amd64-cygwin\jdk8u181\11358\hotspot\src\share\vm\prims\methodHandles.cpp, line 1167]

Events (10 events):
Event: 0.351 loading class sun/java2d/Disposer$1 done
Event: 0.352 loading class sun/misc/ThreadGroupUtils
Event: 0.352 loading class sun/misc/ThreadGroupUtils done
Event: 0.352 Thread 0x0000000017424000 Thread added: 0x0000000017424000
Event: 0.352 loading class sun/awt/AWTAutoShutdown
Event: 0.353 loading class sun/awt/AWTAutoShutdown done
Event: 0.353 loading class java/util/IdentityHashMap
Event: 0.353 loading class java/util/IdentityHashMap done
Event: 0.353 Thread 0x0000000017424800 Thread added: 0x0000000017424800
Event: 0.355 Thread 0x0000000017427800 Thread added: 0x0000000017427800


Dynamic libraries:
0x00007ff737630000 - 0x00007ff737667000 	C:\Program Files\Java\jdk1.8.0_181\bin\java.exe
0x00007ffdda160000 - 0x00007ffdda341000 	C:\WINDOWS\SYSTEM32\ntdll.dll
0x00007ffdda070000 - 0x00007ffdda122000 	C:\WINDOWS\System32\KERNEL32.DLL
0x00007ffdd6600000 - 0x00007ffdd6873000 	C:\WINDOWS\System32\KERNELBASE.dll
0x00007ffdd7ef0000 - 0x00007ffdd7f91000 	C:\WINDOWS\System32\ADVAPI32.dll
0x00007ffdd8ad0000 - 0x00007ffdd8b6e000 	C:\WINDOWS\System32\msvcrt.dll
0x00007ffdd8490000 - 0x00007ffdd84eb000 	C:\WINDOWS\System32\sechost.dll
0x00007ffdd7800000 - 0x00007ffdd7924000 	C:\WINDOWS\System32\RPCRT4.dll
0x00007ffdd7fa0000 - 0x00007ffdd8130000 	C:\WINDOWS\System32\USER32.dll
0x00007ffdd6bd0000 - 0x00007ffdd6bf0000 	C:\WINDOWS\System32\win32u.dll
0x00007ffdd8460000 - 0x00007ffdd8488000 	C:\WINDOWS\System32\GDI32.dll
0x00007ffdd6980000 - 0x00007ffdd6b12000 	C:\WINDOWS\System32\gdi32full.dll
0x00007ffdd6e40000 - 0x00007ffdd6edf000 	C:\WINDOWS\System32\msvcp_win.dll
0x00007ffdd6880000 - 0x00007ffdd697a000 	C:\WINDOWS\System32\ucrtbase.dll
0x00007ffdcd500000 - 0x00007ffdcd769000 	C:\WINDOWS\WinSxS\amd64_microsoft.windows.common-controls_6595b64144ccf1df_6.0.17134.345_none_fb429a5930656358\COMCTL32.dll
0x00007ffdd8740000 - 0x00007ffdd8a63000 	C:\WINDOWS\System32\combase.dll
0x00007ffdd6580000 - 0x00007ffdd65fa000 	C:\WINDOWS\System32\bcryptPrimitives.dll
0x00007ffdd84f0000 - 0x00007ffdd851d000 	C:\WINDOWS\System32\IMM32.DLL
0x0000000073ff0000 - 0x00000000740c2000 	C:\Program Files\Java\jdk1.8.0_181\jre\bin\msvcr100.dll
0x00000000740d0000 - 0x0000000074972000 	C:\Program Files\Java\jdk1.8.0_181\jre\bin\server\jvm.dll
0x00007ffdd77f0000 - 0x00007ffdd77f8000 	C:\WINDOWS\System32\PSAPI.DLL
0x00007ffdcd780000 - 0x00007ffdcd789000 	C:\WINDOWS\SYSTEM32\WSOCK32.dll
0x00007ffdcd790000 - 0x00007ffdcd79a000 	C:\WINDOWS\SYSTEM32\VERSION.dll
0x00007ffdd85e0000 - 0x00007ffdd864c000 	C:\WINDOWS\System32\WS2_32.dll
0x00007ffdd32d0000 - 0x00007ffdd32f3000 	C:\WINDOWS\SYSTEM32\WINMM.dll
0x00007ffdd32a0000 - 0x00007ffdd32ca000 	C:\WINDOWS\SYSTEM32\winmmbase.dll
0x00007ffdd6530000 - 0x00007ffdd6579000 	C:\WINDOWS\System32\cfgmgr32.dll
0x0000000073fa0000 - 0x0000000073faf000 	C:\Program Files\Java\jdk1.8.0_181\jre\bin\verify.dll
0x0000000073f70000 - 0x0000000073f99000 	C:\Program Files\Java\jdk1.8.0_181\jre\bin\java.dll
0x0000000073f50000 - 0x0000000073f66000 	C:\Program Files\Java\jdk1.8.0_181\jre\bin\zip.dll
0x00007ffdd8c30000 - 0x00007ffdda06f000 	C:\WINDOWS\System32\SHELL32.dll
0x00007ffdd8b70000 - 0x00007ffdd8c19000 	C:\WINDOWS\System32\shcore.dll
0x00007ffdd6ee0000 - 0x00007ffdd75ed000 	C:\WINDOWS\System32\windows.storage.dll
0x00007ffdd8400000 - 0x00007ffdd8451000 	C:\WINDOWS\System32\shlwapi.dll
0x00007ffdd64a0000 - 0x00007ffdd64b1000 	C:\WINDOWS\System32\kernel.appcore.dll
0x00007ffdd6510000 - 0x00007ffdd652f000 	C:\WINDOWS\System32\profapi.dll
0x00007ffdd64c0000 - 0x00007ffdd650c000 	C:\WINDOWS\System32\powrprof.dll
0x00007ffdd6470000 - 0x00007ffdd647a000 	C:\WINDOWS\System32\FLTLIB.DLL
0x0000000073d70000 - 0x0000000073f09000 	C:\Program Files\Java\jdk1.8.0_181\jre\bin\awt.dll
0x00007ffdd8330000 - 0x00007ffdd83f2000 	C:\WINDOWS\System32\OLEAUT32.dll
0x00007ffdd47e0000 - 0x00007ffdd486b000 	C:\WINDOWS\SYSTEM32\apphelp.dll
0x00007ffdd4970000 - 0x00007ffdd4a08000 	C:\WINDOWS\system32\uxtheme.dll
0x00007ffdd7670000 - 0x00007ffdd77e4000 	C:\WINDOWS\System32\MSCTF.dll
0x00007ffdd4bc0000 - 0x00007ffdd4be9000 	C:\WINDOWS\system32\dwmapi.dll
0x00007ffdc5cc0000 - 0x00007ffdc5e89000 	C:\WINDOWS\SYSTEM32\dbghelp.dll

VM Arguments:
jvm_args: -Dfile.encoding=UTF-8 
java_command: desafioprueba2.App
java_class_path (initial): C:\Program Files\NetBeans 8.2\ide\modules\ext\mysql-connector-java-5.1.23-bin.jar;C:\Users\muck\Documents\NetBeansProjects\DesafioPrueba2\build\classes
Launcher Type: SUN_STANDARD

Environment Variables:
PATH=C:\Program Files\NVIDIA GPU Computing Toolkit\CUDA\v7.5\bin;C:\Program Files\NVIDIA GPU Computing Toolkit\CUDA\v7.5\libnvvp;C:\Program Files (x86)\Common Files\Oracle\Java\javapath;C:\Program Files (x86)\Intel\iCLS Client\;C:\Program Files\Intel\iCLS Client\;C:\Windows\system32;C:\Windows;C:\Windows\System32\Wbem;C:\Windows\System32\WindowsPowerShell\v1.0\;C:\Program Files (x86)\Intel\Intel(R) Management Engine Components\DAL;C:\Program Files\Intel\Intel(R) Management Engine Components\DAL;C:\Program Files (x86)\Intel\Intel(R) Management Engine Components\IPT;C:\Program Files\Intel\Intel(R) Management Engine Components\IPT;C:\Program Files (x86)\NVIDIA Corporation\PhysX\Common;C:\WINDOWS\system32;C:\WINDOWS;C:\WINDOWS\System32\Wbem;C:\WINDOWS\System32\WindowsPowerShell\v1.0\;C:\WINDOWS\System32\OpenSSH\;C:\Program Files\CMake\bin;C:\xampp\mysql\bin;C:\Program Files\Git\bin;
USERNAME=muck
OS=Windows_NT
PROCESSOR_IDENTIFIER=Intel64 Family 6 Model 61 Stepping 4, GenuineIntel



---------------  S Y S T E M  ---------------

OS: Windows 10.0 , 64 bit Build 17134 (10.0.17134.1)

CPU:total 4 (initial active 4) (2 cores per cpu, 2 threads per core) family 6 model 61 stepping 4, cmov, cx8, fxsr, mmx, sse, sse2, sse3, ssse3, sse4.1, sse4.2, popcnt, avx, avx2, aes, clmul, erms, 3dnowpref, lzcnt, ht, tsc, tscinvbit, bmi1, bmi2, adx

Memory: 4k page, physical 4106696k(536840k free), swap 6154696k(1320k free)

vm_info: Java HotSpot(TM) 64-Bit Server VM (25.181-b13) for windows-amd64 JRE (1.8.0_181-b13), built on Jul  7 2018 04:01:33 by "java_re" with MS VC++ 10.0 (VS2010)

time: Thu Oct 18 10:55:20 2018
elapsed time: 0 seconds (0d 0h 0m 0s)

